<?xml version="1.0" encoding="UTF-8"?>
<!-- Generated by org.testng.reporters.JUnitReportReporter -->
<testsuite hostname="DESKTOP-EAOAN9E" failures="0" tests="1" name="com.citrus.sample.SampleXmlIT" time="0.228" errors="0" timestamp="2022-09-14T16:00:06 MESZ" skipped="0">
  <testcase classname="com.citrus.sample.SampleXmlIT" name="sampleXml" time="0.228"/>
  <system-out/>
</testsuite> <!-- com.citrus.sample.SampleXmlIT -->
