<?xml version="1.0" encoding="UTF-8"?>
<!-- Generated by org.testng.reporters.JUnitReportReporter -->
<testsuite hostname="DESKTOP-EAOAN9E" failures="0" tests="2" name="com.citrus.sample.SampleJavaIT" time="0.031" errors="0" timestamp="2022-09-14T16:00:06 MESZ" skipped="0">
  <testcase classname="com.citrus.sample.SampleJavaIT" name="sayHello" time="0.000"/>
  <system-out/>
  <testcase classname="com.citrus.sample.SampleJavaIT" name="echoToday" time="0.031"/>
  <system-out/>
</testsuite> <!-- com.citrus.sample.SampleJavaIT -->
