<?xml version="1.0" encoding="UTF-8"?>
<testsuite name="com.citrus.sample.SampleXmlIT" time="0.0" tests="1" errors="0" skipped="0" failures="0">
    <testcase name="SampleXmlIT" classname="com.citrus.sample.SampleXmlIT" time="0.0"/>
</testsuite>